<?xml version="1.0" encoding="UTF-8"?>
<!-- Generated by org.testng.reporters.JUnitReportReporter -->
<testsuite skipped="1" hostname="Bhanu-HP" name="datadrivenpgm2" tests="1" failures="0" timestamp="13 Jul 2017 19:16:47 GMT" time="0.000" errors="0">
  <testcase name="datadriven" time="0.000" classname="datadrivenpgm2">
    <skipped/>
  </testcase> <!-- datadriven -->
</testsuite> <!-- datadrivenpgm2 -->
