<?xml version="1.0" encoding="UTF-8"?>
<!-- Generated by org.testng.reporters.JUnitReportReporter -->
<testsuite skipped="1" hostname="JANICE-HP" name="ReadExceldataset.datadrivenpgm2" tests="1" failures="0" timestamp="24 Aug 2017 07:25:57 GMT" time="0.000" errors="0">
  <testcase name="datadriven" time="0.000" classname="ReadExceldataset.datadrivenpgm2">
    <skipped/>
  </testcase> <!-- datadriven -->
</testsuite> <!-- ReadExceldataset.datadrivenpgm2 -->
